<?xml version="1.0" encoding="UTF-8"?>
<beans xmlns="http://www.springframework.org/schema/beans"
	xmlns:xsi="http://www.w3.org/2001/XMLSchema-instance" 
	xmlns:context="http://www.springframework.org/schema/context"
	xsi:schemaLocation="http://www.springframework.org/schema/mvc http://www.springframework.org/schema/mvc/spring-mvc.xsd
		http://www.springframework.org/schema/beans http://www.springframework.org/schema/beans/spring-beans.xsd
		http://www.springframework.org/schema/context http://www.springframework.org/schema/context/spring-context.xsd">

	<bean id="placeholder" class="org.springframework.context.support.PropertySourcesPlaceholderConfigurer">
		<property name="locations">
			<list>
				<value>classpath:/persistence-test.properties</value>
			</list>
		</property>
	</bean>

	<bean id="hsqlStarter" class="org.merka.showcase.listener.HsqlDBStarterListener"></bean>
	
	<bean id="userService" class="org.merka.showcase.service.UserService">
	</bean>
	
</beans>