<?xml version="1.0" encoding="UTF-8"?>
<beans xmlns="http://www.springframework.org/schema/beans"
	xmlns:xsi="http://www.w3.org/2001/XMLSchema-instance" 
	xmlns:context="http://www.springframework.org/schema/context"
	xmlns:tx="http://www.springframework.org/schema/tx"
	xsi:schemaLocation="http://www.springframework.org/schema/mvc http://www.springframework.org/schema/mvc/spring-mvc.xsd
		http://www.springframework.org/schema/beans http://www.springframework.org/schema/beans/spring-beans.xsd
		http://www.springframework.org/schema/context http://www.springframework.org/schema/context/spring-context.xsd
		http://www.springframework.org/schema/tx http://www.springframework.org/schema/tx/spring-tx-2.0.xsd">

	<bean id="placeholder" class="org.springframework.context.support.PropertySourcesPlaceholderConfigurer">
		<property name="locations">
			<list>
				<value>classpath:/persistence-test.properties</value>
			</list>
		</property>
	</bean>
	
	<bean id="databaseBootstrapper" class="org.merka.showcase.DatabaseBootstrapper">
		<property name="databaseName" value="${persistence.unit.database.name}"></property>
	</bean>

	<bean id="entityManagerFactory" class="org.springframework.orm.jpa.LocalEntityManagerFactoryBean" depends-on="databaseBootstrapper">
		<property name="persistenceUnitName" value="org.merka.showcase.test.jpa"></property>
	</bean>

	<bean id="hsqlStarter" class="org.merka.showcase.listener.HsqlDBStarterListener"></bean>
	
	<bean id="userService" class="org.merka.showcase.service.UserService">
	</bean>
	
	<bean id="userServiceUtils" class="org.merka.showcase.service.UserServiceUtils">
		<constructor-arg index="0" ref="userService"></constructor-arg>
	</bean>
	
	<bean id="rankService" class="org.merka.showcase.service.RankService"></bean>
	
</beans>